[debug] [2022-09-19T20:02:51.198Z] ----------------------------------------------------------------------
[debug] [2022-09-19T20:02:51.201Z] Command:       C:\Program Files\nodejs\node.exe C:\Users\Hardik Singh\AppData\Roaming\npm\node_modules\firebase-tools\lib\bin\firebase.js init
[debug] [2022-09-19T20:02:51.202Z] CLI Version:   11.9.0
[debug] [2022-09-19T20:02:51.202Z] Platform:      win32
[debug] [2022-09-19T20:02:51.202Z] Node Version:  v16.13.2
[debug] [2022-09-19T20:02:51.216Z] Time:          Tue Sep 20 2022 01:32:51 GMT+0530 (India Standard Time)
[debug] [2022-09-19T20:02:51.217Z] ----------------------------------------------------------------------
[debug] 
[debug] [2022-09-19T20:02:51.299Z] > command requires scopes: ["email","openid","https://www.googleapis.com/auth/cloudplatformprojects.readonly","https://www.googleapis.com/auth/firebase","https://www.googleapis.com/auth/cloud-platform"]
[debug] [2022-09-19T20:02:51.300Z] > authorizing via signed-in user (singhhardy724@gmail.com)
[info] 
     ######## #### ########  ######## ########     ###     ######  ########
     ##        ##  ##     ## ##       ##     ##  ##   ##  ##       ##
     ######    ##  ########  ######   ########  #########  ######  ######
     ##        ##  ##    ##  ##       ##     ## ##     ##       ## ##
     ##       #### ##     ## ######## ########  ##     ##  ######  ########

You're about to initialize a Firebase project in this directory:

  D:\REACT PORTFOLIO\ecom

Before we get started, keep in mind:

  * You are initializing within an existing Firebase project directory

[debug] [2022-09-19T20:03:07.361Z] Error: kill ENOSYS
    at process.kill (node:internal/process/per_thread:215:13)
    at process.listener (C:\Users\Hardik Singh\AppData\Roaming\npm\node_modules\firebase-tools\node_modules\signal-exit\index.js:95:15)
    at process.emit (node:events:390:28)
[error] 
[error] Error: An unexpected error has occurred.
